0 info it worked if it ends with ok
1 verbose cli [ '/usr/bin/node', '/usr/bin/npm', 'run', 'develop' ]
2 info using npm@3.5.2
3 info using node@v8.10.0
4 verbose run-script [ 'predevelop', 'develop', 'postdevelop' ]
5 info lifecycle rt-traffic-visualisation@1.0.0~predevelop: rt-traffic-visualisation@1.0.0
6 silly lifecycle rt-traffic-visualisation@1.0.0~predevelop: no script for predevelop, continuing
7 info lifecycle rt-traffic-visualisation@1.0.0~develop: rt-traffic-visualisation@1.0.0
8 verbose lifecycle rt-traffic-visualisation@1.0.0~develop: unsafe-perm in lifecycle true
9 verbose lifecycle rt-traffic-visualisation@1.0.0~develop: PATH: /usr/share/npm/bin/node-gyp-bin:/home/trirpi/Programming/PycharmProjects/RT-traffic-visualisation/server/node_modules/.bin:/home/trirpi/.local/share/umake/bin:/home/trirpi/.local/bin:/home/trirpi/bin:/home/trirpi/.local/share/umake/bin:/home/trirpi/.local/bin:/home/trirpi/bin:/usr/local/sbin:/usr/local/bin:/usr/sbin:/usr/bin:/sbin:/bin:/usr/games:/usr/local/games:/snap/bin
10 verbose lifecycle rt-traffic-visualisation@1.0.0~develop: CWD: /home/trirpi/Programming/PycharmProjects/RT-traffic-visualisation/server
11 silly lifecycle rt-traffic-visualisation@1.0.0~develop: Args: [ '-c', 'webpack --mode development --watch' ]
12 silly lifecycle rt-traffic-visualisation@1.0.0~develop: Returned: code: 1  signal: null
13 info lifecycle rt-traffic-visualisation@1.0.0~develop: Failed to exec develop script
14 verbose stack Error: rt-traffic-visualisation@1.0.0 develop: `webpack --mode development --watch`
14 verbose stack Exit status 1
14 verbose stack     at EventEmitter.<anonymous> (/usr/share/npm/lib/utils/lifecycle.js:232:16)
14 verbose stack     at emitTwo (events.js:126:13)
14 verbose stack     at EventEmitter.emit (events.js:214:7)
14 verbose stack     at ChildProcess.<anonymous> (/usr/share/npm/lib/utils/spawn.js:24:14)
14 verbose stack     at emitTwo (events.js:126:13)
14 verbose stack     at ChildProcess.emit (events.js:214:7)
14 verbose stack     at maybeClose (internal/child_process.js:925:16)
14 verbose stack     at Process.ChildProcess._handle.onexit (internal/child_process.js:209:5)
15 verbose pkgid rt-traffic-visualisation@1.0.0
16 verbose cwd /home/trirpi/Programming/PycharmProjects/RT-traffic-visualisation/server
17 error Linux 4.15.0-43-generic
18 error argv "/usr/bin/node" "/usr/bin/npm" "run" "develop"
19 error node v8.10.0
20 error npm  v3.5.2
21 error code ELIFECYCLE
22 error rt-traffic-visualisation@1.0.0 develop: `webpack --mode development --watch`
22 error Exit status 1
23 error Failed at the rt-traffic-visualisation@1.0.0 develop script 'webpack --mode development --watch'.
23 error Make sure you have the latest version of node.js and npm installed.
23 error If you do, this is most likely a problem with the rt-traffic-visualisation package,
23 error not with npm itself.
23 error Tell the author that this fails on your system:
23 error     webpack --mode development --watch
23 error You can get information on how to open an issue for this project with:
23 error     npm bugs rt-traffic-visualisation
23 error Or if that isn't available, you can get their info via:
23 error     npm owner ls rt-traffic-visualisation
23 error There is likely additional logging output above.
24 verbose exit [ 1, true ]
